<?xml version="1.0" encoding="UTF-8"?>
<!-- Generated by org.testng.reporters.JUnitXMLReporter -->
<testsuite hostname="SAMSUL-PC" name="Test" tests="3" failures="1" timestamp="2 Mar 2018 17:34:04 GMT" time="56.249" errors="0">
  <testcase name="@AfterMethod configAM" time="0.0" classname="com.actitime.CreateNewCustomerTest.CreateNewCustomerTest">
    <failure type="org.openqa.selenium.WebDriverException" message="Element is not clickable at point (1309, 17). Other element would receive the click: &amp;lt;div style=&amp;quot;transition: opacity 600ms ease-in-out 0s; opacity: 0;&amp;quot; id=&amp;quot;preInsertedTransformedMoireId&amp;quot; class=&amp;quot;transformedMoireClass&amp;quot;&amp;gt;&amp;lt;/div&amp;gt;
Command duration or timeout: 158 milliseconds
Build info: version: &amp;apos;2.53.1&amp;apos;, revision: &amp;apos;a36b8b1&amp;apos;, time: &amp;apos;2016-06-30 17:32:46&amp;apos;
System info: host: &amp;apos;SAMSUL-PC&amp;apos;, ip: &amp;apos;192.168.48.1&amp;apos;, os.name: &amp;apos;Windows 10&amp;apos;, os.arch: &amp;apos;amd64&amp;apos;, os.version: &amp;apos;10.0&amp;apos;, java.version: &amp;apos;1.8.0_65&amp;apos;
Driver info: org.openqa.selenium.firefox.FirefoxDriver
Capabilities [{applicationCacheEnabled=true, rotatable=false, handlesAlerts=true, databaseEnabled=true, version=45.0, platform=WINDOWS, nativeEvents=false, acceptSslCerts=true, webStorageEnabled=true, locationContextEnabled=true, browserName=firefox, takesScreenshot=true, javascriptEnabled=true, cssSelectorsEnabled=true}]
Session ID: 3c2e2e00-5e0f-4b08-94e9-e0cb8501963c">
      <![CDATA[org.openqa.selenium.WebDriverException: Element is not clickable at point (1309, 17). Other element would receive the click: <div style="transition: opacity 600ms ease-in-out 0s; opacity: 0;" id="preInsertedTransformedMoireId" class="transformedMoireClass"></div>
Command duration or timeout: 158 milliseconds
Build info: version: '2.53.1', revision: 'a36b8b1', time: '2016-06-30 17:32:46'
System info: host: 'SAMSUL-PC', ip: '192.168.48.1', os.name: 'Windows 10', os.arch: 'amd64', os.version: '10.0', java.version: '1.8.0_65'
Driver info: org.openqa.selenium.firefox.FirefoxDriver
Capabilities [{applicationCacheEnabled=true, rotatable=false, handlesAlerts=true, databaseEnabled=true, version=45.0, platform=WINDOWS, nativeEvents=false, acceptSslCerts=true, webStorageEnabled=true, locationContextEnabled=true, browserName=firefox, takesScreenshot=true, javascriptEnabled=true, cssSelectorsEnabled=true}]
Session ID: 3c2e2e00-5e0f-4b08-94e9-e0cb8501963c
	at org.openqa.selenium.remote.ErrorHandler.createThrowable(ErrorHandler.java:206)
	at org.openqa.selenium.remote.ErrorHandler.throwIfResponseFailed(ErrorHandler.java:158)
	at org.openqa.selenium.remote.RemoteWebDriver.execute(RemoteWebDriver.java:678)
	at org.openqa.selenium.remote.RemoteWebElement.execute(RemoteWebElement.java:327)
	at org.openqa.selenium.remote.RemoteWebElement.click(RemoteWebElement.java:85)
	at org.openqa.selenium.support.pagefactory.internal.LocatingElementHandler.invoke(LocatingElementHandler.java:51)
	at com.sun.proxy.$Proxy10.click(Unknown Source)
	at com.objectRepositarylib.Common.logout(Common.java:11)
	at com.actitime.genericlib.BaseClass.configAM(BaseClass.java:56)
... Removed 34 stack frames]]>
    </failure>
  </testcase> <!-- @AfterMethod configAM -->
  <testcase name="@AfterClass conficAC" time="0.0" classname="com.actitime.CreateNewCustomerTest.CreateNewCustomerTest">
    <skipped/>
  </testcase> <!-- @AfterClass conficAC -->
  <testcase name="@BeforeClass configBC" time="0.0" classname="com.actitime.CreateNewUserTest.CreateNewUserTest">
    <skipped/>
  </testcase> <!-- @BeforeClass configBC -->
  <testcase name="@BeforeMethod configBM" time="0.0" classname="com.actitime.CreateNewUserTest.CreateNewUserTest">
    <skipped/>
  </testcase> <!-- @BeforeMethod configBM -->
  <testcase name="@AfterMethod configAM" time="0.0" classname="com.actitime.CreateNewUserTest.CreateNewUserTest">
    <skipped/>
  </testcase> <!-- @AfterMethod configAM -->
  <testcase name="@AfterClass conficAC" time="0.0" classname="com.actitime.CreateNewUserTest.CreateNewUserTest">
    <skipped/>
  </testcase> <!-- @AfterClass conficAC -->
  <testcase name="createCustomerTest" time="16.271" classname="com.actitime.CreateNewCustomerTest.CreateNewCustomerTest"/>
  <testcase name="createCustomerWithDespTest" time="0.235" classname="com.actitime.CreateNewCustomerTest.CreateNewCustomerTest">
    <failure type="java.lang.NullPointerException">
      <![CDATA[java.lang.NullPointerException
	at com.actitime.genericlib.CommonUtils.getExcelData(CommonUtils.java:33)
	at com.actitime.CreateNewCustomerTest.CreateNewCustomerTest.createCustomerWithDespTest(CreateNewCustomerTest.java:23)
... Removed 24 stack frames]]>
    </failure>
  </testcase> <!-- createCustomerWithDespTest -->
  <testcase name="createNewUserTest" time="0.003" classname="com.actitime.CreateNewUserTest.CreateNewUserTest">
    <skipped/>
  </testcase> <!-- createNewUserTest -->
</testsuite> <!-- Test -->
